<?xml version="1.0" encoding="utf-8" ?>
<!DOCTYPE html PUBLIC "-//W3C//DTD XHTML 1.0 Strict//EN"
        "http://www.w3.org/TR/xhtml1/DTD/xhtml1-strict.dtd">
<html xmlns="http://www.w3.org/1999/xhtml" xml:lang="" lang="">
<head>
  <title>Test Results Report - Log Output</title>
  <meta http-equiv="Content-Type" content="text/html;charset=utf-8" />
  <meta name="description" content="TestNG unit test results." />
  <link href="reportng.css" rel="stylesheet" type="text/css" />
  </head>
<body>
  <h1>Log Output</h1>
  <p>
    Combined output from all calls to the log methods of the <a href="http://testng.org/javadocs/org/testng/Reporter.html">TestNG Reporter</a>.    
  </p>

  <div id="log">
                  Exceptionorg.openqa.selenium.NoSuchElementException: no such element: Unable to locate element: {"method":"css selector","selector":"#txtLoginId1"}
  (Session info: chrome=86.0.4240.111)
For documentation on this error, please visit: https://www.seleniumhq.org/exceptions/no_such_element.html
Build info: version: '3.141.59', revision: 'e82be7d358', time: '2018-11-14T08:17:03'
System info: host: 'KIRANS-435', ip: '192.168.0.7', os.name: 'Windows 10', os.arch: 'amd64', os.version: '10.0', java.version: '1.8.0_241'
Driver info: org.openqa.selenium.chrome.ChromeDriver
Capabilities {acceptInsecureCerts: false, browserName: chrome, browserVersion: 86.0.4240.111, chrome: {chromedriverVersion: 86.0.4240.22 (398b0743353ff..., userDataDir: C:\Users\KIRANS~1\AppData\L...}, goog:chromeOptions: {debuggerAddress: localhost:58250}, javascriptEnabled: true, networkConnectionEnabled: false, pageLoadStrategy: normal, platform: WINDOWS, platformName: WINDOWS, proxy: Proxy(), setWindowRect: true, strictFileInteractability: false, timeouts: {implicit: 0, pageLoad: 300000, script: 30000}, unhandledPromptBehavior: dismiss and notify, webauthn:virtualAuthenticators: true}
Session ID: 20e2d33604d6a1d7daaabc5b467acd0e
*** Element info: {Using=id, value=txtLoginId1}
                        Successfully Logged in with valid credentials
                        Capturing Screenshot
                        <a target="_blank" href="D:\screenshot\HomePage.png">Screenshot</a>
                        Invalid UserId or Password - Login Cannot be Done
                        Capturing Screenshot
                        <a target="_blank" href="D:\screenshot\Error.png">Screenshot</a>
                        Exceptionorg.openqa.selenium.NoSuchElementException: no such element: Unable to locate element: {"method":"css selector","selector":"#txtLoginId1"}
  (Session info: chrome=86.0.4240.111)
For documentation on this error, please visit: https://www.seleniumhq.org/exceptions/no_such_element.html
Build info: version: '3.141.59', revision: 'e82be7d358', time: '2018-11-14T08:17:03'
System info: host: 'KIRANS-435', ip: '192.168.0.7', os.name: 'Windows 10', os.arch: 'amd64', os.version: '10.0', java.version: '1.8.0_241'
Driver info: org.openqa.selenium.chrome.ChromeDriver
Capabilities {acceptInsecureCerts: false, browserName: chrome, browserVersion: 86.0.4240.111, chrome: {chromedriverVersion: 86.0.4240.22 (398b0743353ff..., userDataDir: C:\Users\KIRANS~1\AppData\L...}, goog:chromeOptions: {debuggerAddress: localhost:58250}, javascriptEnabled: true, networkConnectionEnabled: false, pageLoadStrategy: normal, platform: WINDOWS, platformName: WINDOWS, proxy: Proxy(), setWindowRect: true, strictFileInteractability: false, timeouts: {implicit: 0, pageLoad: 300000, script: 30000}, unhandledPromptBehavior: dismiss and notify, webauthn:virtualAuthenticators: true}
Session ID: 20e2d33604d6a1d7daaabc5b467acd0e
*** Element info: {Using=id, value=txtLoginId1}
                        Successfully Logged in with valid credentials
                        Capturing Screenshot
                        <a target="_blank" href="D:\screenshot\HomePage.png">Screenshot</a>
                        Invalid UserId or Password - Login Cannot be Done
                        Capturing Screenshot
                        <a target="_blank" href="D:\screenshot\Error.png">Screenshot</a>
                        Exceptionorg.openqa.selenium.NoSuchElementException: no such element: Unable to locate element: {"method":"css selector","selector":"#txtLoginId1"}
  (Session info: chrome=86.0.4240.111)
For documentation on this error, please visit: https://www.seleniumhq.org/exceptions/no_such_element.html
Build info: version: '3.141.59', revision: 'e82be7d358', time: '2018-11-14T08:17:03'
System info: host: 'KIRANS-435', ip: '192.168.0.7', os.name: 'Windows 10', os.arch: 'amd64', os.version: '10.0', java.version: '1.8.0_241'
Driver info: org.openqa.selenium.chrome.ChromeDriver
Capabilities {acceptInsecureCerts: false, browserName: chrome, browserVersion: 86.0.4240.111, chrome: {chromedriverVersion: 86.0.4240.22 (398b0743353ff..., userDataDir: C:\Users\KIRANS~1\AppData\L...}, goog:chromeOptions: {debuggerAddress: localhost:58250}, javascriptEnabled: true, networkConnectionEnabled: false, pageLoadStrategy: normal, platform: WINDOWS, platformName: WINDOWS, proxy: Proxy(), setWindowRect: true, strictFileInteractability: false, timeouts: {implicit: 0, pageLoad: 300000, script: 30000}, unhandledPromptBehavior: dismiss and notify, webauthn:virtualAuthenticators: true}
Session ID: 20e2d33604d6a1d7daaabc5b467acd0e
*** Element info: {Using=id, value=txtLoginId1}
                        Successfully Logged in with valid credentials
                        Capturing Screenshot
                        <a target="_blank" href="D:\screenshot\HomePage.png">Screenshot</a>
                        Invalid UserId or Password - Login Cannot be Done
                        Capturing Screenshot
                        <a target="_blank" href="D:\screenshot\Error.png">Screenshot</a>
                        Exceptionorg.openqa.selenium.NoSuchElementException: no such element: Unable to locate element: {"method":"css selector","selector":"#txtLoginId1"}
  (Session info: chrome=86.0.4240.111)
For documentation on this error, please visit: https://www.seleniumhq.org/exceptions/no_such_element.html
Build info: version: '3.141.59', revision: 'e82be7d358', time: '2018-11-14T08:17:03'
System info: host: 'KIRANS-435', ip: '192.168.0.7', os.name: 'Windows 10', os.arch: 'amd64', os.version: '10.0', java.version: '1.8.0_241'
Driver info: org.openqa.selenium.chrome.ChromeDriver
Capabilities {acceptInsecureCerts: false, browserName: chrome, browserVersion: 86.0.4240.111, chrome: {chromedriverVersion: 86.0.4240.22 (398b0743353ff..., userDataDir: C:\Users\KIRANS~1\AppData\L...}, goog:chromeOptions: {debuggerAddress: localhost:58250}, javascriptEnabled: true, networkConnectionEnabled: false, pageLoadStrategy: normal, platform: WINDOWS, platformName: WINDOWS, proxy: Proxy(), setWindowRect: true, strictFileInteractability: false, timeouts: {implicit: 0, pageLoad: 300000, script: 30000}, unhandledPromptBehavior: dismiss and notify, webauthn:virtualAuthenticators: true}
Session ID: 20e2d33604d6a1d7daaabc5b467acd0e
*** Element info: {Using=id, value=txtLoginId1}
                        Successfully Logged in with valid credentials
                        Capturing Screenshot
                        <a target="_blank" href="D:\screenshot\HomePage.png">Screenshot</a>
                        Invalid UserId or Password - Login Cannot be Done
                        Capturing Screenshot
                        <a target="_blank" href="D:\screenshot\Error.png">Screenshot</a>
            </div>

</body>
</html>